<?xml version="1.0" encoding="UTF-8"?>
<!-- Generated by org.testng.reporters.JUnitXMLReporter -->
<testsuite ignored="1" hostname="Mandvi" failures="0" tests="2" name="Test" time="11.997" errors="0" timestamp="2024-12-22T18:49:37 IST">
  <testcase classname="tests.LoginTest" name="testInvalidLogin" time="2.333"/>
  <testcase classname="tests.LoginTest" name="testValidLogin" time="1.892"/>
  <testcase classname="TestBase.BaseClass" name="@BeforeSuite loadConfig" time="0.0">
    <ignored/>
  </testcase> <!-- @BeforeSuite loadConfig -->
</testsuite> <!-- Test -->
