<?xml version="1.0" encoding="UTF-8"?>
<testng-results ignored="0" total="1" passed="1" failed="0" skipped="0">
  <reporter-output>
  </reporter-output>
  <suite started-at="2024-12-28T00:04:24 IST" name="Default suite" finished-at="2024-12-28T00:04:54 IST" duration-ms="30501">
    <groups>
    </groups>
    <test started-at="2024-12-28T00:04:24 IST" name="Default test" finished-at="2024-12-28T00:04:54 IST" duration-ms="30501">
      <class name="tests.AccountInformationTest">
        <test-method is-config="true" signature="loadConfig()[pri:0, instance:tests.AccountInformationTest@749c877b]" started-at="2024-12-28T00:04:23 IST" name="loadConfig" finished-at="2024-12-28T00:04:24 IST" duration-ms="384" status="PASS">
          <reporter-output>
          </reporter-output>
        </test-method> <!-- loadConfig -->
        <test-method is-config="true" signature="setUP()[pri:0, instance:tests.AccountInformationTest@749c877b]" started-at="2024-12-28T00:04:24 IST" name="setUP" finished-at="2024-12-28T00:04:29 IST" duration-ms="5056" status="PASS">
          <reporter-output>
          </reporter-output>
        </test-method> <!-- setUP -->
        <test-method is-config="true" signature="startTest(java.lang.reflect.Method)[pri:0, instance:tests.AccountInformationTest@749c877b]" started-at="2024-12-28T00:04:29 IST" name="startTest" finished-at="2024-12-28T00:04:29 IST" duration-ms="27" status="PASS">
          <params>
            <param index="0">
              <value>
                <![CDATA[public void tests.AccountInformationTest.validAccountInformationFlow(java.lang.String,java.lang.String,java.lang.String,int,int,java.lang.String,java.lang.String,java.lang.String,java.lang.String,java.lang.String,java.lang.String,java.lang.String,java.lang.String,java.lang.String,java.lang.String,java.lang.String)]]>
              </value>
            </param>
          </params>
          <reporter-output>
          </reporter-output>
        </test-method> <!-- startTest -->
        <test-method signature="validAccountInformationFlow(java.lang.String,java.lang.String,java.lang.String,int,int,java.lang.String,java.lang.String,java.lang.String,java.lang.String,java.lang.String,java.lang.String,java.lang.String,java.lang.String,java.lang.String,java.lang.String,java.lang.String)[pri:0, instance:tests.AccountInformationTest@749c877b]" started-at="2024-12-28T00:04:29 IST" name="validAccountInformationFlow" data-provider="SignupTestData" finished-at="2024-12-28T00:04:53 IST" duration-ms="23927" status="PASS">
          <params>
            <param index="0">
              <value>
                <![CDATA[Kajol Gupta]]>
              </value>
            </param>
            <param index="1">
              <value>
                <![CDATA[kajol_1@mailinator.com]]>
              </value>
            </param>
            <param index="2">
              <value>
                <![CDATA[12345]]>
              </value>
            </param>
            <param index="3">
              <value>
                <![CDATA[2]]>
              </value>
            </param>
            <param index="4">
              <value>
                <![CDATA[3]]>
              </value>
            </param>
            <param index="5">
              <value>
                <![CDATA[1994]]>
              </value>
            </param>
            <param index="6">
              <value>
                <![CDATA[Kajol]]>
              </value>
            </param>
            <param index="7">
              <value>
                <![CDATA[G]]>
              </value>
            </param>
            <param index="8">
              <value>
                <![CDATA[Testing incorporation.]]>
              </value>
            </param>
            <param index="9">
              <value>
                <![CDATA[43]]>
              </value>
            </param>
            <param index="10">
              <value>
                <![CDATA[Shiv Shakti]]>
              </value>
            </param>
            <param index="11">
              <value>
                <![CDATA[India]]>
              </value>
            </param>
            <param index="12">
              <value>
                <![CDATA[Madhya Pradesh]]>
              </value>
            </param>
            <param index="13">
              <value>
                <![CDATA[Indore]]>
              </value>
            </param>
            <param index="14">
              <value>
                <![CDATA[452010]]>
              </value>
            </param>
            <param index="15">
              <value>
                <![CDATA[88467648456]]>
              </value>
            </param>
          </params>
          <reporter-output>
          </reporter-output>
        </test-method> <!-- validAccountInformationFlow -->
        <test-method is-config="true" signature="endTest(org.testng.ITestResult)[pri:0, instance:tests.AccountInformationTest@749c877b]" started-at="2024-12-28T00:04:53 IST" name="endTest" finished-at="2024-12-28T00:04:53 IST" duration-ms="16" status="PASS">
          <params>
            <param index="0">
              <value>
                <![CDATA[[TestResult name=validAccountInformationFlow status=SUCCESS method=AccountInformationTest.validAccountInformationFlow(java.lang.String,java.lang.String,java.lang.String,int,int,java.lang.String,java.lang.String,java.lang.String,java.lang.String,java.lang.String,java.lang.String,java.lang.String,java.lang.String,java.lang.String,java.lang.String,java.lang.String)[pri:0, instance:tests.AccountInformationTest@749c877b] output={null}]]]>
              </value>
            </param>
          </params>
          <reporter-output>
          </reporter-output>
        </test-method> <!-- endTest -->
        <test-method is-config="true" signature="tearDown()[pri:0, instance:tests.AccountInformationTest@749c877b]" started-at="2024-12-28T00:04:53 IST" name="tearDown" finished-at="2024-12-28T00:04:54 IST" duration-ms="1329" status="PASS">
          <reporter-output>
          </reporter-output>
        </test-method> <!-- tearDown -->
      </class> <!-- tests.AccountInformationTest -->
    </test> <!-- Default test -->
  </suite> <!-- Default suite -->
</testng-results>
