<?xml version="1.0" encoding="UTF-8"?>
<testng-results ignored="0" total="2" passed="2" failed="0" skipped="0">
  <reporter-output>
  </reporter-output>
  <suite started-at="2024-12-25T20:31:22 IST" name="Default suite" finished-at="2024-12-25T20:31:32 IST" duration-ms="10824">
    <groups>
    </groups>
    <test started-at="2024-12-25T20:31:22 IST" name="Default test" finished-at="2024-12-25T20:31:32 IST" duration-ms="10824">
      <class name="tests.LoginTest">
        <test-method is-config="true" signature="loadConfig()[pri:0, instance:tests.LoginTest@79da1ec0]" started-at="2024-12-25T20:31:21 IST" name="loadConfig" finished-at="2024-12-25T20:31:22 IST" duration-ms="220" status="PASS">
          <reporter-output>
          </reporter-output>
        </test-method> <!-- loadConfig -->
        <test-method is-config="true" signature="setUP()[pri:0, instance:tests.LoginTest@79da1ec0]" started-at="2024-12-25T20:31:22 IST" name="setUP" finished-at="2024-12-25T20:31:28 IST" duration-ms="6081" status="PASS">
          <reporter-output>
          </reporter-output>
        </test-method> <!-- setUP -->
        <test-method is-config="true" signature="startTest(java.lang.reflect.Method)[pri:0, instance:tests.LoginTest@79da1ec0]" started-at="2024-12-25T20:31:28 IST" name="startTest" finished-at="2024-12-25T20:31:28 IST" duration-ms="14" status="PASS">
          <params>
            <param index="0">
              <value>
                <![CDATA[public void tests.LoginTest.testInvalidLogin()]]>
              </value>
            </param>
          </params>
          <reporter-output>
          </reporter-output>
        </test-method> <!-- startTest -->
        <test-method signature="testInvalidLogin()[pri:0, instance:tests.LoginTest@79da1ec0]" started-at="2024-12-25T20:31:28 IST" name="testInvalidLogin" finished-at="2024-12-25T20:31:30 IST" duration-ms="2041" status="PASS">
          <reporter-output>
          </reporter-output>
        </test-method> <!-- testInvalidLogin -->
        <test-method is-config="true" signature="endTest(org.testng.ITestResult)[pri:0, instance:tests.LoginTest@79da1ec0]" started-at="2024-12-25T20:31:30 IST" name="endTest" finished-at="2024-12-25T20:31:30 IST" duration-ms="4" status="PASS">
          <params>
            <param index="0">
              <value>
                <![CDATA[[TestResult name=testInvalidLogin status=SUCCESS method=LoginTest.testInvalidLogin()[pri:0, instance:tests.LoginTest@79da1ec0] output={null}]]]>
              </value>
            </param>
          </params>
          <reporter-output>
          </reporter-output>
        </test-method> <!-- endTest -->
        <test-method is-config="true" signature="startTest(java.lang.reflect.Method)[pri:0, instance:tests.LoginTest@79da1ec0]" started-at="2024-12-25T20:31:30 IST" name="startTest" finished-at="2024-12-25T20:31:30 IST" duration-ms="1" status="PASS">
          <params>
            <param index="0">
              <value>
                <![CDATA[public void tests.LoginTest.testValidLogin()]]>
              </value>
            </param>
          </params>
          <reporter-output>
          </reporter-output>
        </test-method> <!-- startTest -->
        <test-method signature="testValidLogin()[pri:0, instance:tests.LoginTest@79da1ec0]" started-at="2024-12-25T20:31:30 IST" name="testValidLogin" finished-at="2024-12-25T20:31:32 IST" duration-ms="1850" status="PASS">
          <reporter-output>
          </reporter-output>
        </test-method> <!-- testValidLogin -->
        <test-method is-config="true" signature="endTest(org.testng.ITestResult)[pri:0, instance:tests.LoginTest@79da1ec0]" started-at="2024-12-25T20:31:32 IST" name="endTest" finished-at="2024-12-25T20:31:32 IST" duration-ms="1" status="PASS">
          <params>
            <param index="0">
              <value>
                <![CDATA[[TestResult name=testValidLogin status=SUCCESS method=LoginTest.testValidLogin()[pri:0, instance:tests.LoginTest@79da1ec0] output={null}]]]>
              </value>
            </param>
          </params>
          <reporter-output>
          </reporter-output>
        </test-method> <!-- endTest -->
        <test-method is-config="true" signature="tearDown()[pri:0, instance:tests.LoginTest@79da1ec0]" started-at="2024-12-25T20:31:32 IST" name="tearDown" finished-at="2024-12-25T20:31:32 IST" duration-ms="788" status="PASS">
          <reporter-output>
          </reporter-output>
        </test-method> <!-- tearDown -->
      </class> <!-- tests.LoginTest -->
    </test> <!-- Default test -->
  </suite> <!-- Default suite -->
</testng-results>
